SERVER_HANDSHAKE_TRAFFIC_SECRET dd3541c68d97baeb56ac2e21803aba2f97fb482480a9d8d3b868586fd36f4a3c 48081fec9757133975d8d4b998f4fa5fffa2d2d777942c3f38e9160375e0572558e7d9ed6039ede4385d3df450405454
EXPORTER_SECRET dd3541c68d97baeb56ac2e21803aba2f97fb482480a9d8d3b868586fd36f4a3c 0326c9aec81325521c26efab40d86b0534301888fe6ff4d14409a7319fa022d38ffb3e915b0bffda87f62af47b365963
SERVER_TRAFFIC_SECRET_0 dd3541c68d97baeb56ac2e21803aba2f97fb482480a9d8d3b868586fd36f4a3c 4593d4007d19c50ecb9cb0ddda41bd7d052171c6af4ad564d8e6273f08fc3640591a4d53a03b2331b146f044040abcfb
CLIENT_HANDSHAKE_TRAFFIC_SECRET dd3541c68d97baeb56ac2e21803aba2f97fb482480a9d8d3b868586fd36f4a3c 375294028124464c9186a93bdd656d30dc62a2826a0603ddca2536e75c269724098f8c91396853b259294cb2aa8ff985
CLIENT_TRAFFIC_SECRET_0 dd3541c68d97baeb56ac2e21803aba2f97fb482480a9d8d3b868586fd36f4a3c 809b26578ba2018dfd4d4a17c5ba4b93bbf6b69d19e1ba35db6dbb886e4224e5d9e1496135a4e7e81d9e9dfe37d440e5
SERVER_HANDSHAKE_TRAFFIC_SECRET 682ee64ff463b4a4935ad06afe575be3e0fa20b2a04774fbb6c6268dcce8c0d6 fb8dd4468db74589605be49a0c8ae9bd0448d61edf729638215dd537f0d34012e854171d27b566a5594bc4ce5d614631
EXPORTER_SECRET 682ee64ff463b4a4935ad06afe575be3e0fa20b2a04774fbb6c6268dcce8c0d6 8460acd00689eb711105ff7a95684b77db15ae7026b53143ea3d2704acb4cb47bff408876b73c28c2daa94ac95f4a900
SERVER_TRAFFIC_SECRET_0 682ee64ff463b4a4935ad06afe575be3e0fa20b2a04774fbb6c6268dcce8c0d6 cd28ef4fd443607a056be5d699fa68a70f94e16577bcbc6cf154bce7c9df8fcc7950d7162f1789ab4fec27c00dc14a6a
CLIENT_HANDSHAKE_TRAFFIC_SECRET 682ee64ff463b4a4935ad06afe575be3e0fa20b2a04774fbb6c6268dcce8c0d6 edb6e742a385677d7f1bd9bff4171963b4b65f2b894cab0f70fdb3c01e60cfd37a7f7cce62bda5332f7b71a71e08f827
CLIENT_TRAFFIC_SECRET_0 682ee64ff463b4a4935ad06afe575be3e0fa20b2a04774fbb6c6268dcce8c0d6 53c5fa03fe7abf8097b1235e08fd2f3228cb74966db253c1f1acb39ce849c0e59e7e401a038cac99d6e7c6ec61e170fa
SERVER_HANDSHAKE_TRAFFIC_SECRET 74c660d77d68b605e16b6af6e7f994986328446b0c9c97c86cefbe40413c1a1c 1d211020845931b7cd5c0b8b831a6727910690747205293effe93a9c1e5c6281251cdaf613f8b8e9480b8ed186c974a9
EXPORTER_SECRET 74c660d77d68b605e16b6af6e7f994986328446b0c9c97c86cefbe40413c1a1c 4dd39b4470b902e9d83a426152b3e8bc817465b5ef8839005296f3bb1738b003472b162bda31f982615dd33e01a7c3c9
SERVER_TRAFFIC_SECRET_0 74c660d77d68b605e16b6af6e7f994986328446b0c9c97c86cefbe40413c1a1c fe8b098d24bf75a17b1a1b566a700c9206568282c1311f8a8ac5b0b1236d60c2205e7dc168e8b836ed6f383a7748581a
CLIENT_HANDSHAKE_TRAFFIC_SECRET 74c660d77d68b605e16b6af6e7f994986328446b0c9c97c86cefbe40413c1a1c a84a9582f8c85afb6ba783c0ffa1855391225f48096bdd1fe56a33d321274f142eff56fbcca32c095ee7e713929bb005
CLIENT_TRAFFIC_SECRET_0 74c660d77d68b605e16b6af6e7f994986328446b0c9c97c86cefbe40413c1a1c ddcfd92b39a534cbebe67c029d02288b09904f07182da9e01e338e71ed6ee64b86af412a29f9cefb88552258f41b53e4
SERVER_HANDSHAKE_TRAFFIC_SECRET 4a4d10a53415089e8c19d5dc98d41f3307ab8787c3f7a09266ee54d002530fa6 9dab38e8d6afd33954adbdc397e03db0ea4ade71dc1a1264bf601d3514db9813d939228fc9473894a4eec204b9053026
EXPORTER_SECRET 4a4d10a53415089e8c19d5dc98d41f3307ab8787c3f7a09266ee54d002530fa6 ca771e7019e5b45a567b59f3a74390f1de85675f0c4a9e2b258a2bd29401ee9da9bfbdd033313031c959c95f3f0a3b7e
SERVER_TRAFFIC_SECRET_0 4a4d10a53415089e8c19d5dc98d41f3307ab8787c3f7a09266ee54d002530fa6 f15f5c414a8e0eee2ee5e78755400a56b2755b48700ab55d43bee79414de8799af2fa846dbc78c41b24722971af9ff0a
CLIENT_HANDSHAKE_TRAFFIC_SECRET 4a4d10a53415089e8c19d5dc98d41f3307ab8787c3f7a09266ee54d002530fa6 ce55a6af4d5e018126bba52c277e0cc1f88988745781e7e3ab79a03efd9dd3277a6802e507cd47e1e92398dfde619d30
CLIENT_TRAFFIC_SECRET_0 4a4d10a53415089e8c19d5dc98d41f3307ab8787c3f7a09266ee54d002530fa6 84c89c47bd617bdbbaf340c82c6ebee4742092fdef4f58694d56d5d9464474a3d4b4d5f6d83616adf541fcfa99bc01fb
